c:\users\denjo\documents\3aセメスター\opencv実験\cvgl_visualstudio_template\cvgl_visualstudio_template\cvgl_template\x64\debug\vc142.pdb
c:\users\denjo\documents\3aセメスター\opencv実験\cvgl_visualstudio_template\cvgl_visualstudio_template\cvgl_template\x64\debug\vc142.idb
c:\users\denjo\documents\3aセメスター\opencv実験\cvgl_visualstudio_template\cvgl_visualstudio_template\cvgl_template\x64\debug\sample2-2.obj
c:\users\denjo\documents\3aセメスター\opencv実験\cvgl_visualstudio_template\cvgl_visualstudio_template\cvgl_template\x64\debug\sample1-4.obj
c:\users\denjo\documents\3aセメスター\opencv実験\cvgl_visualstudio_template\cvgl_visualstudio_template\cvgl_template\x64\debug\sample2-3.obj
c:\users\denjo\documents\3aセメスター\opencv実験\cvgl_visualstudio_template\cvgl_visualstudio_template\cvgl_template\x64\debug\sample1-5.obj
c:\users\denjo\documents\3aセメスター\opencv実験\cvgl_visualstudio_template\cvgl_visualstudio_template\cvgl_template\x64\debug\sample2-5.obj
c:\users\denjo\documents\3aセメスター\opencv実験\cvgl_visualstudio_template\cvgl_visualstudio_template\cvgl_template\x64\debug\sample2-4.obj
c:\users\denjo\documents\3aセメスター\opencv実験\cvgl_visualstudio_template\cvgl_visualstudio_template\cvgl_template\x64\debug\sample2-5-camera.obj
c:\users\denjo\documents\3aセメスター\opencv実験\cvgl_visualstudio_template\cvgl_visualstudio_template\cvgl_template\x64\debug\wall-change.obj
c:\users\denjo\documents\3aセメスター\opencv実験\cvgl_visualstudio_template\cvgl_visualstudio_template\cvgl_template\x64\debug\watershed-sample.obj
c:\users\denjo\documents\3aセメスター\opencv実験\cvgl_visualstudio_template\cvgl_visualstudio_template\x64\debug\cvgl_template.exe
c:\users\denjo\documents\3aセメスター\opencv実験\cvgl_visualstudio_template\cvgl_visualstudio_template\cvgl_template\x64\debug\cvgl_template.ilk
c:\users\denjo\documents\3aセメスター\opencv実験\cvgl_visualstudio_template\cvgl_visualstudio_template\x64\debug\cvgl_template.pdb
c:\users\denjo\documents\3aセメスター\opencv実験\cvgl_visualstudio_template\cvgl_visualstudio_template\cvgl_template\x64\debug\sample2-5-copy.obj
c:\users\denjo\documents\3aセメスター\opencv実験\cvgl_visualstudio_template\cvgl_visualstudio_template\cvgl_template\x64\debug\cvgl_template.tlog\cl.command.1.tlog
c:\users\denjo\documents\3aセメスター\opencv実験\cvgl_visualstudio_template\cvgl_visualstudio_template\cvgl_template\x64\debug\cvgl_template.tlog\cl.read.1.tlog
c:\users\denjo\documents\3aセメスター\opencv実験\cvgl_visualstudio_template\cvgl_visualstudio_template\cvgl_template\x64\debug\cvgl_template.tlog\cl.write.1.tlog
c:\users\denjo\documents\3aセメスター\opencv実験\cvgl_visualstudio_template\cvgl_visualstudio_template\cvgl_template\x64\debug\cvgl_template.tlog\link.command.1.tlog
c:\users\denjo\documents\3aセメスター\opencv実験\cvgl_visualstudio_template\cvgl_visualstudio_template\cvgl_template\x64\debug\cvgl_template.tlog\link.read.1.tlog
c:\users\denjo\documents\3aセメスター\opencv実験\cvgl_visualstudio_template\cvgl_visualstudio_template\cvgl_template\x64\debug\cvgl_template.tlog\link.write.1.tlog
